# JRE version: Java(TM) SE Runtime Environment (7.0_51-b13) (build 1.7.0_51-b13)
# Java VM: Java HotSpot(TM) Client VM (24.51-b03 mixed mode windows-x86 )
Heap
 par new generation   total 118016K, used 47961K [0x04b40000, 0x0cb40000, 0x0cb40000)
  eden space 104960K,  44% used [0x04b40000, 0x0786d1d0, 0x0b1c0000)
  from space 13056K,  13% used [0x0be80000, 0x0c029458, 0x0cb40000)
  to   space 13056K,   0% used [0x0b1c0000, 0x0b1c0000, 0x0be80000)
 concurrent mark-sweep generation total 393216K, used 173520K [0x0cb40000, 0x24b40000, 0x24b40000)
 concurrent-mark-sweep perm gen total 95116K, used 57081K [0x24b40000, 0x2a823000, 0x2cb40000)
GC Heap History (10 events):
Event: 194916.608 GC heap before
{Heap before GC invocations=1008 (full 4):
 par new generation   total 118016K, used 110246K [0x04b40000, 0x0cb40000, 0x0cb40000)
  eden space 104960K, 100% used [0x04b40000, 0x0b1c0000, 0x0b1c0000)
  from space 13056K,  40% used [0x0b1c0000, 0x0b6e9ad8, 0x0be80000)
  to   space 13056K,   0% used [0x0be80000, 0x0be80000, 0x0cb40000)
 concurrent mark-sweep generation total 393216K, used 173427K [0x0cb40000, 0x24b40000, 0x24b40000)
 concurrent-mark-sweep perm gen total 95116K, used 57035K [0x24b40000, 0x2a823000, 0x2cb40000)
Event: 194916.637 GC heap after
Heap after GC invocations=1009 (full 4):
 par new generation   total 118016K, used 5584K [0x04b40000, 0x0cb40000, 0x0cb40000)
  eden space 104960K,   0% used [0x04b40000, 0x04b40000, 0x0b1c0000)
  from space 13056K,  42% used [0x0be80000, 0x0c3f40f8, 0x0cb40000)
  to   space 13056K,   0% used [0x0b1c0000, 0x0b1c0000, 0x0be80000)
 concurrent mark-sweep generation total 393216K, used 173428K [0x0cb40000, 0x24b40000, 0x24b40000)
 concurrent-mark-sweep perm gen total 95116K, used 57035K [0x24b40000, 0x2a823000, 0x2cb40000)
}
Event: 195005.735 GC heap before
{Heap before GC invocations=1009 (full 4):
 par new generation   total 118016K, used 110544K [0x04b40000, 0x0cb40000, 0x0cb40000)
  eden space 104960K, 100% used [0x04b40000, 0x0b1c0000, 0x0b1c0000)
  from space 13056K,  42% used [0x0be80000, 0x0c3f40f8, 0x0cb40000)
  to   space 13056K,   0% used [0x0b1c0000, 0x0b1c0000, 0x0be80000)
 concurrent mark-sweep generation total 393216K, used 173428K [0x0cb40000, 0x24b40000, 0x24b40000)
 concurrent-mark-sweep perm gen total 95116K, used 57035K [0x24b40000, 0x2a823000, 0x2cb40000)
Event: 195005.765 GC heap after
Heap after GC invocations=1010 (full 4):
 par new generation   total 118016K, used 4338K [0x04b40000, 0x0cb40000, 0x0cb40000)
  eden space 104960K,   0% used [0x04b40000, 0x04b40000, 0x0b1c0000)
  from space 13056K,  33% used [0x0b1c0000, 0x0b5fcaa0, 0x0be80000)
  to   space 13056K,   0% used [0x0be80000, 0x0be80000, 0x0cb40000)
 concurrent mark-sweep generation total 393216K, used 173443K [0x0cb40000, 0x24b40000, 0x24b40000)
 concurrent-mark-sweep perm gen total 95116K, used 57035K [0x24b40000, 0x2a823000, 0x2cb40000)
}
Event: 195080.376 GC heap before
{Heap before GC invocations=1010 (full 4):
 par new generation   total 118016K, used 109298K [0x04b40000, 0x0cb40000, 0x0cb40000)
  eden space 104960K, 100% used [0x04b40000, 0x0b1c0000, 0x0b1c0000)
  from space 13056K,  33% used [0x0b1c0000, 0x0b5fcaa0, 0x0be80000)
  to   space 13056K,   0% used [0x0be80000, 0x0be80000, 0x0cb40000)
 concurrent mark-sweep generation total 393216K, used 173443K [0x0cb40000, 0x24b40000, 0x24b40000)
 concurrent-mark-sweep perm gen total 95116K, used 57035K [0x24b40000, 0x2a823000, 0x2cb40000)
Event: 195080.406 GC heap after
Heap after GC invocations=1011 (full 4):
 par new generation   total 118016K, used 2868K [0x04b40000, 0x0cb40000, 0x0cb40000)
  eden space 104960K,   0% used [0x04b40000, 0x04b40000, 0x0b1c0000)
  from space 13056K,  21% used [0x0be80000, 0x0c14d348, 0x0cb40000)
  to   space 13056K,   0% used [0x0b1c0000, 0x0b1c0000, 0x0be80000)
 concurrent mark-sweep generation total 393216K, used 173448K [0x0cb40000, 0x24b40000, 0x24b40000)
 concurrent-mark-sweep perm gen total 95116K, used 57035K [0x24b40000, 0x2a823000, 0x2cb40000)
}
Event: 196465.887 GC heap before
{Heap before GC invocations=1011 (full 4):
 par new generation   total 118016K, used 107828K [0x04b40000, 0x0cb40000, 0x0cb40000)
  eden space 104960K, 100% used [0x04b40000, 0x0b1c0000, 0x0b1c0000)
  from space 13056K,  21% used [0x0be80000, 0x0c14d348, 0x0cb40000)
  to   space 13056K,   0% used [0x0b1c0000, 0x0b1c0000, 0x0be80000)
 concurrent mark-sweep generation total 393216K, used 173448K [0x0cb40000, 0x24b40000, 0x24b40000)
 concurrent-mark-sweep perm gen total 95116K, used 57035K [0x24b40000, 0x2a823000, 0x2cb40000)
Event: 196465.916 GC heap after
Heap after GC invocations=1012 (full 4):
 par new generation   total 118016K, used 1938K [0x04b40000, 0x0cb40000, 0x0cb40000)
  eden space 104960K,   0% used [0x04b40000, 0x04b40000, 0x0b1c0000)
  from space 13056K,  14% used [0x0b1c0000, 0x0b3a48f8, 0x0be80000)
  to   space 13056K,   0% used [0x0be80000, 0x0be80000, 0x0cb40000)
 concurrent mark-sweep generation total 393216K, used 173519K [0x0cb40000, 0x24b40000, 0x24b40000)
 concurrent-mark-sweep perm gen total 95116K, used 57035K [0x24b40000, 0x2a823000, 0x2cb40000)
}
Event: 196550.181 GC heap before
{Heap before GC invocations=1012 (full 4):
 par new generation   total 118016K, used 106891K [0x04b40000, 0x0cb40000, 0x0cb40000)
  eden space 104960K,  99% used [0x04b40000, 0x0b1be3c8, 0x0b1c0000)
  from space 13056K,  14% used [0x0b1c0000, 0x0b3a48f8, 0x0be80000)
  to   space 13056K,   0% used [0x0be80000, 0x0be80000, 0x0cb40000)
 concurrent mark-sweep generation total 393216K, used 173519K [0x0cb40000, 0x24b40000, 0x24b40000)
 concurrent-mark-sweep perm gen total 95116K, used 57035K [0x24b40000, 0x2a823000, 0x2cb40000)
Event: 196550.211 GC heap after
Heap after GC invocations=1013 (full 4):
 par new generation   total 118016K, used 1701K [0x04b40000, 0x0cb40000, 0x0cb40000)
  eden space 104960K,   0% used [0x04b40000, 0x04b40000, 0x0b1c0000)
  from space 13056K,  13% used [0x0be80000, 0x0c029458, 0x0cb40000)
  to   space 13056K,   0% used [0x0b1c0000, 0x0b1c0000, 0x0be80000)
 concurrent mark-sweep generation total 393216K, used 173520K [0x0cb40000, 0x24b40000, 0x24b40000)
 concurrent-mark-sweep perm gen total 95116K, used 57035K [0x24b40000, 0x2a823000, 0x2cb40000)
}

